2025-08-04 09:54:41 [restartedMain] INFO  c.p.s.ProfileServiceApplication - Starting ProfileServiceApplication using Java 21.0.7 with PID 6025 (/home/chandan/wred software/profile_service/build/classes/java/main started by chandan in /home/chandan/wred software/profile_service)
2025-08-04 09:54:41 [restartedMain] DEBUG c.p.s.ProfileServiceApplication - Running with Spring Boot v3.5.3, Spring v6.2.8
2025-08-04 09:54:41 [restartedMain] INFO  c.p.s.ProfileServiceApplication - No active profile set, falling back to 1 default profile: "default"
2025-08-04 09:54:42 [restartedMain] INFO  o.s.b.d.e.DevToolsPropertyDefaultsPostProcessor - Devtools property defaults active! Set 'spring.devtools.add-properties' to 'false' to disable
2025-08-04 09:54:42 [restartedMain] INFO  o.s.b.d.e.DevToolsPropertyDefaultsPostProcessor - For additional web related logging consider setting the 'logging.level.web' property to 'DEBUG'
2025-08-04 09:54:43 [restartedMain] INFO  o.s.d.r.c.RepositoryConfigurationDelegate - Bootstrapping Spring Data JPA repositories in DEFAULT mode.
2025-08-04 09:54:44 [restartedMain] INFO  o.s.d.r.c.RepositoryConfigurationDelegate - Finished Spring Data repository scanning in 128 ms. Found 2 JPA repository interfaces.
2025-08-04 09:54:45 [restartedMain] INFO  o.s.b.w.e.tomcat.TomcatWebServer - Tomcat initialized with port 8083 (http)
2025-08-04 09:54:45 [restartedMain] INFO  o.a.catalina.core.StandardService - Starting service [Tomcat]
2025-08-04 09:54:45 [restartedMain] INFO  o.a.catalina.core.StandardEngine - Starting Servlet engine: [Apache Tomcat/10.1.42]
2025-08-04 09:54:45 [restartedMain] INFO  o.a.c.c.C.[Tomcat].[localhost].[/] - Initializing Spring embedded WebApplicationContext
2025-08-04 09:54:45 [restartedMain] INFO  o.s.b.w.s.c.ServletWebServerApplicationContext - Root WebApplicationContext: initialization completed in 3755 ms
2025-08-04 09:54:46 [restartedMain] DEBUG c.p.s.config.JwtAuthenticationFilter - Filter 'jwtAuthenticationFilter' configured for use
2025-08-04 09:54:47 [restartedMain] INFO  o.h.jpa.internal.util.LogHelper - HHH000204: Processing PersistenceUnitInfo [name: default]
2025-08-04 09:54:47 [restartedMain] INFO  org.hibernate.Version - HHH000412: Hibernate ORM core version 6.6.18.Final
2025-08-04 09:54:47 [restartedMain] INFO  o.h.c.i.RegionFactoryInitiator - HHH000026: Second-level cache disabled
2025-08-04 09:54:48 [restartedMain] INFO  o.s.o.j.p.SpringPersistenceUnitInfo - No LoadTimeWeaver setup: ignoring JPA class transformer
2025-08-04 09:54:48 [restartedMain] INFO  com.zaxxer.hikari.HikariDataSource - HikariPool-1 - Starting...
2025-08-04 09:54:50 [restartedMain] INFO  com.zaxxer.hikari.pool.HikariPool - HikariPool-1 - Added connection org.postgresql.jdbc.PgConnection@3df82890
2025-08-04 09:54:50 [restartedMain] INFO  com.zaxxer.hikari.HikariDataSource - HikariPool-1 - Start completed.
2025-08-04 09:54:50 [restartedMain] INFO  o.hibernate.orm.connections.pooling - HHH10001005: Database info:
	Database JDBC URL [Connecting through datasource 'HikariDataSource (HikariPool-1)']
	Database driver: undefined/unknown
	Database version: 14.18
	Autocommit mode: undefined/unknown
	Isolation level: undefined/unknown
	Minimum pool size: undefined/unknown
	Maximum pool size: undefined/unknown
2025-08-04 09:54:51 [restartedMain] INFO  o.h.e.t.j.p.i.JtaPlatformInitiator - HHH000489: No JTA platform available (set 'hibernate.transaction.jta.platform' to enable JTA platform integration)
2025-08-04 09:54:51 [restartedMain] INFO  o.s.o.j.LocalContainerEntityManagerFactoryBean - Initialized JPA EntityManagerFactory for persistence unit 'default'
2025-08-04 09:54:53 [restartedMain] WARN  o.s.b.a.o.j.JpaBaseConfiguration$JpaWebConfiguration - spring.jpa.open-in-view is enabled by default. Therefore, database queries may be performed during view rendering. Explicitly configure spring.jpa.open-in-view to disable this warning
2025-08-04 09:54:53 [restartedMain] INFO  o.s.b.d.a.OptionalLiveReloadServer - LiveReload server is running on port 35729
2025-08-04 09:54:53 [restartedMain] INFO  o.s.b.w.e.tomcat.TomcatWebServer - Tomcat started on port 8083 (http) with context path '/'
2025-08-04 09:54:54 [restartedMain] INFO  c.p.s.ProfileServiceApplication - Started ProfileServiceApplication in 12.759 seconds (process running for 14.645)
2025-08-04 10:03:23 [http-nio-8083-exec-1] INFO  o.a.c.c.C.[Tomcat].[localhost].[/] - Initializing Spring DispatcherServlet 'dispatcherServlet'
2025-08-04 10:03:23 [http-nio-8083-exec-1] INFO  o.s.web.servlet.DispatcherServlet - Initializing Servlet 'dispatcherServlet'
2025-08-04 10:03:23 [http-nio-8083-exec-1] INFO  o.s.web.servlet.DispatcherServlet - Completed initialization in 2 ms
2025-08-04 10:03:23 [http-nio-8083-exec-1] INFO  c.p.s.config.JwtAuthenticationFilter - Incoming request: URI=/api/profile/creator/49343914-7eae-484c-b331-3f3359a7cc3c/upload/profile, Authorization Header=Bearer eyJhbGciOiJIUzI1NiJ9.eyJzdWIiOiJocEBleGFtcGxlLmNvbSIsInV1aWQiOiI0OTM0MzkxNC03ZWFlLTQ4NGMtYjMzMS0zZjMzNTlhN2NjM2MiLCJyb2xlIjoiQ1JFQVRPUiIsImxvZ2luQ2hhbm5lbCI6IkVNQUlMIiwiaWF0IjoxNzU0MjgxNTYyLCJleHAiOjE3NTQyODI3NjJ9.aqSLKp0hXuUU61ERn0AQs1iKnxvXOy_PPY6aP26icN0
2025-08-04 10:03:23 [http-nio-8083-exec-1] DEBUG c.p.s.config.JwtAuthenticationFilter - Extracted JWT Token: eyJhbGciOiJIUzI1NiJ9.eyJzdWIiOiJocEBleGFtcGxlLmNvbSIsInV1aWQiOiI0OTM0MzkxNC03ZWFlLTQ4NGMtYjMzMS0zZjMzNTlhN2NjM2MiLCJyb2xlIjoiQ1JFQVRPUiIsImxvZ2luQ2hhbm5lbCI6IkVNQUlMIiwiaWF0IjoxNzU0MjgxNTYyLCJleHAiOjE3NTQyODI3NjJ9.aqSLKp0hXuUU61ERn0AQs1iKnxvXOy_PPY6aP26icN0
2025-08-04 10:03:23 [http-nio-8083-exec-1] INFO  c.p.s.config.JwtAuthenticationFilter - Valid JWT token: userId=hp@example.com, role=CREATOR
2025-08-04 10:03:24 [http-nio-8083-exec-1] ERROR c.profile.service.minio.MinioService - Error uploading file to MinIO
java.net.ConnectException: Failed to connect to localhost/127.0.0.1:9000
	at okhttp3.internal.connection.RealConnection.connectSocket(RealConnection.kt:297)
	at okhttp3.internal.connection.RealConnection.connect(RealConnection.kt:207)
	at okhttp3.internal.connection.ExchangeFinder.findConnection(ExchangeFinder.kt:226)
	at okhttp3.internal.connection.ExchangeFinder.findHealthyConnection(ExchangeFinder.kt:106)
	at okhttp3.internal.connection.ExchangeFinder.find(ExchangeFinder.kt:74)
	at okhttp3.internal.connection.RealCall.initExchange$okhttp(RealCall.kt:255)
	at okhttp3.internal.connection.ConnectInterceptor.intercept(ConnectInterceptor.kt:32)
	at okhttp3.internal.http.RealInterceptorChain.proceed(RealInterceptorChain.kt:109)
	at okhttp3.internal.cache.CacheInterceptor.intercept(CacheInterceptor.kt:95)
	at okhttp3.internal.http.RealInterceptorChain.proceed(RealInterceptorChain.kt:109)
	at okhttp3.internal.http.BridgeInterceptor.intercept(BridgeInterceptor.kt:83)
	at okhttp3.internal.http.RealInterceptorChain.proceed(RealInterceptorChain.kt:109)
	at okhttp3.internal.http.RetryAndFollowUpInterceptor.intercept(RetryAndFollowUpInterceptor.kt:76)
	at okhttp3.internal.http.RealInterceptorChain.proceed(RealInterceptorChain.kt:109)
	at okhttp3.internal.connection.RealCall.getResponseWithInterceptorChain$okhttp(RealCall.kt:201)
	at okhttp3.internal.connection.RealCall$AsyncCall.run(RealCall.kt:517)
	at java.base/java.util.concurrent.ThreadPoolExecutor.runWorker(ThreadPoolExecutor.java:1144)
	at java.base/java.util.concurrent.ThreadPoolExecutor$Worker.run(ThreadPoolExecutor.java:642)
	at java.base/java.lang.Thread.run(Thread.java:1583)
Caused by: java.net.ConnectException: Connection refused
	at java.base/sun.nio.ch.Net.pollConnect(Native Method)
	at java.base/sun.nio.ch.Net.pollConnectNow(Net.java:682)
	at java.base/sun.nio.ch.NioSocketImpl.timedFinishConnect(NioSocketImpl.java:542)
	at java.base/sun.nio.ch.NioSocketImpl.connect(NioSocketImpl.java:592)
	at java.base/java.net.SocksSocketImpl.connect(SocksSocketImpl.java:327)
	at java.base/java.net.Socket.connect(Socket.java:751)
	at okhttp3.internal.platform.Platform.connectSocket(Platform.kt:128)
	at okhttp3.internal.connection.RealConnection.connectSocket(RealConnection.kt:295)
	... 18 common frames omitted
2025-08-04 10:03:24 [http-nio-8083-exec-1] WARN  o.s.w.s.m.m.a.ExceptionHandlerExceptionResolver - Resolved [com.profile.service.exception.CustomException: File upload failed: Failed to connect to localhost/127.0.0.1:9000]
2025-08-04 10:11:21 [http-nio-8083-exec-4] INFO  c.p.s.config.JwtAuthenticationFilter - Incoming request: URI=/api/profile/creator/49343914-7eae-484c-b331-3f3359a7cc3c/upload/profile, Authorization Header=Bearer eyJhbGciOiJIUzI1NiJ9.eyJzdWIiOiJocEBleGFtcGxlLmNvbSIsInV1aWQiOiI0OTM0MzkxNC03ZWFlLTQ4NGMtYjMzMS0zZjMzNTlhN2NjM2MiLCJyb2xlIjoiQ1JFQVRPUiIsImxvZ2luQ2hhbm5lbCI6IkVNQUlMIiwiaWF0IjoxNzU0MjgxNTYyLCJleHAiOjE3NTQyODI3NjJ9.aqSLKp0hXuUU61ERn0AQs1iKnxvXOy_PPY6aP26icN0
2025-08-04 10:11:21 [http-nio-8083-exec-4] DEBUG c.p.s.config.JwtAuthenticationFilter - Extracted JWT Token: eyJhbGciOiJIUzI1NiJ9.eyJzdWIiOiJocEBleGFtcGxlLmNvbSIsInV1aWQiOiI0OTM0MzkxNC03ZWFlLTQ4NGMtYjMzMS0zZjMzNTlhN2NjM2MiLCJyb2xlIjoiQ1JFQVRPUiIsImxvZ2luQ2hhbm5lbCI6IkVNQUlMIiwiaWF0IjoxNzU0MjgxNTYyLCJleHAiOjE3NTQyODI3NjJ9.aqSLKp0hXuUU61ERn0AQs1iKnxvXOy_PPY6aP26icN0
2025-08-04 10:11:21 [http-nio-8083-exec-4] INFO  c.p.s.config.JwtAuthenticationFilter - Valid JWT token: userId=hp@example.com, role=CREATOR
2025-08-04 10:11:22 [http-nio-8083-exec-4] WARN  o.s.w.s.m.m.a.ExceptionHandlerExceptionResolver - Resolved [com.profile.service.exception.ResourceNotFoundException: Creator profile not found]
2025-08-04 10:13:29 [http-nio-8083-exec-7] INFO  c.p.s.config.JwtAuthenticationFilter - Incoming request: URI=/api/profile/creator/49343914-7eae-484c-b331-3f3359a7cc3c/upload/profile, Authorization Header=Bearer eyJhbGciOiJIUzI1NiJ9.eyJzdWIiOiJocEBleGFtcGxlLmNvbSIsInV1aWQiOiI0OTM0MzkxNC03ZWFlLTQ4NGMtYjMzMS0zZjMzNTlhN2NjM2MiLCJyb2xlIjoiQ1JFQVRPUiIsImxvZ2luQ2hhbm5lbCI6IkVNQUlMIiwiaWF0IjoxNzU0MjgxNTYyLCJleHAiOjE3NTQyODI3NjJ9.aqSLKp0hXuUU61ERn0AQs1iKnxvXOy_PPY6aP26icN0
2025-08-04 10:13:29 [http-nio-8083-exec-7] DEBUG c.p.s.config.JwtAuthenticationFilter - Extracted JWT Token: eyJhbGciOiJIUzI1NiJ9.eyJzdWIiOiJocEBleGFtcGxlLmNvbSIsInV1aWQiOiI0OTM0MzkxNC03ZWFlLTQ4NGMtYjMzMS0zZjMzNTlhN2NjM2MiLCJyb2xlIjoiQ1JFQVRPUiIsImxvZ2luQ2hhbm5lbCI6IkVNQUlMIiwiaWF0IjoxNzU0MjgxNTYyLCJleHAiOjE3NTQyODI3NjJ9.aqSLKp0hXuUU61ERn0AQs1iKnxvXOy_PPY6aP26icN0
2025-08-04 10:13:29 [http-nio-8083-exec-7] INFO  c.p.s.config.JwtAuthenticationFilter - Valid JWT token: userId=hp@example.com, role=CREATOR
2025-08-04 10:13:29 [http-nio-8083-exec-7] WARN  o.s.w.s.m.m.a.ExceptionHandlerExceptionResolver - Resolved [com.profile.service.exception.ResourceNotFoundException: Creator profile not found]
2025-08-04 10:31:44 [SpringApplicationShutdownHook] INFO  o.s.b.w.e.tomcat.GracefulShutdown - Commencing graceful shutdown. Waiting for active requests to complete
2025-08-04 10:31:44 [tomcat-shutdown] INFO  o.s.b.w.e.tomcat.GracefulShutdown - Graceful shutdown complete
2025-08-04 10:31:44 [SpringApplicationShutdownHook] INFO  o.s.o.j.LocalContainerEntityManagerFactoryBean - Closing JPA EntityManagerFactory for persistence unit 'default'
2025-08-04 10:31:44 [SpringApplicationShutdownHook] INFO  com.zaxxer.hikari.HikariDataSource - HikariPool-1 - Shutdown initiated...
2025-08-04 10:31:44 [SpringApplicationShutdownHook] INFO  com.zaxxer.hikari.HikariDataSource - HikariPool-1 - Shutdown completed.
2025-08-04 10:31:57 [restartedMain] INFO  c.p.s.ProfileServiceApplication - Starting ProfileServiceApplication using Java 21.0.7 with PID 10292 (/home/chandan/wred software/profile_service/build/classes/java/main started by chandan in /home/chandan/wred software/profile_service)
2025-08-04 10:31:57 [restartedMain] DEBUG c.p.s.ProfileServiceApplication - Running with Spring Boot v3.5.3, Spring v6.2.8
2025-08-04 10:31:57 [restartedMain] INFO  c.p.s.ProfileServiceApplication - No active profile set, falling back to 1 default profile: "default"
2025-08-04 10:31:57 [restartedMain] INFO  o.s.b.d.e.DevToolsPropertyDefaultsPostProcessor - Devtools property defaults active! Set 'spring.devtools.add-properties' to 'false' to disable
2025-08-04 10:31:57 [restartedMain] INFO  o.s.b.d.e.DevToolsPropertyDefaultsPostProcessor - For additional web related logging consider setting the 'logging.level.web' property to 'DEBUG'
2025-08-04 10:31:59 [restartedMain] INFO  o.s.d.r.c.RepositoryConfigurationDelegate - Bootstrapping Spring Data JPA repositories in DEFAULT mode.
2025-08-04 10:31:59 [restartedMain] INFO  o.s.d.r.c.RepositoryConfigurationDelegate - Finished Spring Data repository scanning in 57 ms. Found 2 JPA repository interfaces.
2025-08-04 10:32:00 [restartedMain] INFO  o.s.b.w.e.tomcat.TomcatWebServer - Tomcat initialized with port 8083 (http)
2025-08-04 10:32:00 [restartedMain] INFO  o.a.catalina.core.StandardService - Starting service [Tomcat]
2025-08-04 10:32:00 [restartedMain] INFO  o.a.catalina.core.StandardEngine - Starting Servlet engine: [Apache Tomcat/10.1.42]
2025-08-04 10:32:00 [restartedMain] INFO  o.a.c.c.C.[Tomcat].[localhost].[/] - Initializing Spring embedded WebApplicationContext
2025-08-04 10:32:00 [restartedMain] INFO  o.s.b.w.s.c.ServletWebServerApplicationContext - Root WebApplicationContext: initialization completed in 3376 ms
2025-08-04 10:32:00 [restartedMain] DEBUG c.p.s.config.JwtAuthenticationFilter - Filter 'jwtAuthenticationFilter' configured for use
2025-08-04 10:32:01 [restartedMain] INFO  o.h.jpa.internal.util.LogHelper - HHH000204: Processing PersistenceUnitInfo [name: default]
2025-08-04 10:32:01 [restartedMain] INFO  org.hibernate.Version - HHH000412: Hibernate ORM core version 6.6.18.Final
2025-08-04 10:32:02 [restartedMain] INFO  o.h.c.i.RegionFactoryInitiator - HHH000026: Second-level cache disabled
2025-08-04 10:32:03 [restartedMain] INFO  o.s.o.j.p.SpringPersistenceUnitInfo - No LoadTimeWeaver setup: ignoring JPA class transformer
2025-08-04 10:32:03 [restartedMain] INFO  com.zaxxer.hikari.HikariDataSource - HikariPool-1 - Starting...
2025-08-04 10:32:03 [restartedMain] INFO  com.zaxxer.hikari.pool.HikariPool - HikariPool-1 - Added connection org.postgresql.jdbc.PgConnection@b0b7c40
2025-08-04 10:32:03 [restartedMain] INFO  com.zaxxer.hikari.HikariDataSource - HikariPool-1 - Start completed.
2025-08-04 10:32:03 [restartedMain] INFO  o.hibernate.orm.connections.pooling - HHH10001005: Database info:
	Database JDBC URL [Connecting through datasource 'HikariDataSource (HikariPool-1)']
	Database driver: undefined/unknown
	Database version: 14.18
	Autocommit mode: undefined/unknown
	Isolation level: undefined/unknown
	Minimum pool size: undefined/unknown
	Maximum pool size: undefined/unknown
2025-08-04 10:32:04 [restartedMain] INFO  o.h.e.t.j.p.i.JtaPlatformInitiator - HHH000489: No JTA platform available (set 'hibernate.transaction.jta.platform' to enable JTA platform integration)
2025-08-04 10:32:04 [restartedMain] INFO  o.s.o.j.LocalContainerEntityManagerFactoryBean - Initialized JPA EntityManagerFactory for persistence unit 'default'
2025-08-04 10:32:05 [restartedMain] WARN  o.s.b.a.o.j.JpaBaseConfiguration$JpaWebConfiguration - spring.jpa.open-in-view is enabled by default. Therefore, database queries may be performed during view rendering. Explicitly configure spring.jpa.open-in-view to disable this warning
2025-08-04 10:32:06 [restartedMain] INFO  o.s.b.d.a.OptionalLiveReloadServer - LiveReload server is running on port 35729
2025-08-04 10:32:06 [restartedMain] INFO  o.s.b.w.e.tomcat.TomcatWebServer - Tomcat started on port 8083 (http) with context path '/'
2025-08-04 10:32:06 [restartedMain] INFO  c.p.s.ProfileServiceApplication - Started ProfileServiceApplication in 9.948 seconds (process running for 12.155)
2025-08-04 10:32:55 [http-nio-8083-exec-2] INFO  o.a.c.c.C.[Tomcat].[localhost].[/] - Initializing Spring DispatcherServlet 'dispatcherServlet'
2025-08-04 10:32:55 [http-nio-8083-exec-2] INFO  o.s.web.servlet.DispatcherServlet - Initializing Servlet 'dispatcherServlet'
2025-08-04 10:32:55 [http-nio-8083-exec-2] INFO  o.s.web.servlet.DispatcherServlet - Completed initialization in 0 ms
2025-08-04 10:32:55 [http-nio-8083-exec-2] INFO  c.p.s.config.JwtAuthenticationFilter - Incoming request: URI=/api/profile/creator/49343914-7eae-484c-b331-3f3359a7cc3c/upload/profile, Authorization Header=Bearer eyJhbGciOiJIUzI1NiJ9.eyJzdWIiOiJocEBleGFtcGxlLmNvbSIsInV1aWQiOiI0OTM0MzkxNC03ZWFlLTQ4NGMtYjMzMS0zZjMzNTlhN2NjM2MiLCJyb2xlIjoiQ1JFQVRPUiIsImxvZ2luQ2hhbm5lbCI6IkVNQUlMIiwiaWF0IjoxNzU0MjgzNzQ2LCJleHAiOjE3NTQyODQ5NDZ9.z9kJQR27LF5j_b_ktAEV1NJ3HkfcC4Gv4gbo82JuI2U
2025-08-04 10:32:55 [http-nio-8083-exec-2] DEBUG c.p.s.config.JwtAuthenticationFilter - Extracted JWT Token: eyJhbGciOiJIUzI1NiJ9.eyJzdWIiOiJocEBleGFtcGxlLmNvbSIsInV1aWQiOiI0OTM0MzkxNC03ZWFlLTQ4NGMtYjMzMS0zZjMzNTlhN2NjM2MiLCJyb2xlIjoiQ1JFQVRPUiIsImxvZ2luQ2hhbm5lbCI6IkVNQUlMIiwiaWF0IjoxNzU0MjgzNzQ2LCJleHAiOjE3NTQyODQ5NDZ9.z9kJQR27LF5j_b_ktAEV1NJ3HkfcC4Gv4gbo82JuI2U
2025-08-04 10:32:55 [http-nio-8083-exec-2] INFO  c.p.s.config.JwtAuthenticationFilter - Valid JWT token: userId=hp@example.com, role=CREATOR
2025-08-04 10:36:40 [http-nio-8083-exec-5] INFO  c.p.s.config.JwtAuthenticationFilter - Incoming request: URI=/api/profile/user/123e4567-e89b-12d3-a456-426614174000/upload/cover, Authorization Header=Bearer eyJhbGciOiJIUzI1NiJ9.eyJzdWIiOiJocEBleGFtcGxlLmNvbSIsInV1aWQiOiI0OTM0MzkxNC03ZWFlLTQ4NGMtYjMzMS0zZjMzNTlhN2NjM2MiLCJyb2xlIjoiQ1JFQVRPUiIsImxvZ2luQ2hhbm5lbCI6IkVNQUlMIiwiaWF0IjoxNzU0MjgzNzQ2LCJleHAiOjE3NTQyODQ5NDZ9.z9kJQR27LF5j_b_ktAEV1NJ3HkfcC4Gv4gbo82JuI2U
2025-08-04 10:36:40 [http-nio-8083-exec-5] DEBUG c.p.s.config.JwtAuthenticationFilter - Extracted JWT Token: eyJhbGciOiJIUzI1NiJ9.eyJzdWIiOiJocEBleGFtcGxlLmNvbSIsInV1aWQiOiI0OTM0MzkxNC03ZWFlLTQ4NGMtYjMzMS0zZjMzNTlhN2NjM2MiLCJyb2xlIjoiQ1JFQVRPUiIsImxvZ2luQ2hhbm5lbCI6IkVNQUlMIiwiaWF0IjoxNzU0MjgzNzQ2LCJleHAiOjE3NTQyODQ5NDZ9.z9kJQR27LF5j_b_ktAEV1NJ3HkfcC4Gv4gbo82JuI2U
2025-08-04 10:36:40 [http-nio-8083-exec-5] INFO  c.p.s.config.JwtAuthenticationFilter - Valid JWT token: userId=hp@example.com, role=CREATOR
2025-08-04 10:37:36 [http-nio-8083-exec-6] INFO  c.p.s.config.JwtAuthenticationFilter - Incoming request: URI=/api/profile/creator/49343914-7eae-484c-b331-3f3359a7cc3c/upload/cover, Authorization Header=Bearer eyJhbGciOiJIUzI1NiJ9.eyJzdWIiOiJocEBleGFtcGxlLmNvbSIsInV1aWQiOiI0OTM0MzkxNC03ZWFlLTQ4NGMtYjMzMS0zZjMzNTlhN2NjM2MiLCJyb2xlIjoiQ1JFQVRPUiIsImxvZ2luQ2hhbm5lbCI6IkVNQUlMIiwiaWF0IjoxNzU0MjgzNzQ2LCJleHAiOjE3NTQyODQ5NDZ9.z9kJQR27LF5j_b_ktAEV1NJ3HkfcC4Gv4gbo82JuI2U
2025-08-04 10:37:36 [http-nio-8083-exec-6] DEBUG c.p.s.config.JwtAuthenticationFilter - Extracted JWT Token: eyJhbGciOiJIUzI1NiJ9.eyJzdWIiOiJocEBleGFtcGxlLmNvbSIsInV1aWQiOiI0OTM0MzkxNC03ZWFlLTQ4NGMtYjMzMS0zZjMzNTlhN2NjM2MiLCJyb2xlIjoiQ1JFQVRPUiIsImxvZ2luQ2hhbm5lbCI6IkVNQUlMIiwiaWF0IjoxNzU0MjgzNzQ2LCJleHAiOjE3NTQyODQ5NDZ9.z9kJQR27LF5j_b_ktAEV1NJ3HkfcC4Gv4gbo82JuI2U
2025-08-04 10:37:36 [http-nio-8083-exec-6] INFO  c.p.s.config.JwtAuthenticationFilter - Valid JWT token: userId=hp@example.com, role=CREATOR
2025-08-04 10:42:23 [http-nio-8083-exec-9] INFO  c.p.s.config.JwtAuthenticationFilter - Incoming request: URI=/api/profile/creator/49343914-7eae-484c-b331-3f3359a7cc3c, Authorization Header=Bearer eyJhbGciOiJIUzI1NiJ9.eyJzdWIiOiJocEBleGFtcGxlLmNvbSIsInV1aWQiOiI0OTM0MzkxNC03ZWFlLTQ4NGMtYjMzMS0zZjMzNTlhN2NjM2MiLCJyb2xlIjoiQ1JFQVRPUiIsImxvZ2luQ2hhbm5lbCI6IkVNQUlMIiwiaWF0IjoxNzU0MjgzNzQ2LCJleHAiOjE3NTQyODQ5NDZ9.z9kJQR27LF5j_b_ktAEV1NJ3HkfcC4Gv4gbo82JuI2U
2025-08-04 10:42:23 [http-nio-8083-exec-9] DEBUG c.p.s.config.JwtAuthenticationFilter - Extracted JWT Token: eyJhbGciOiJIUzI1NiJ9.eyJzdWIiOiJocEBleGFtcGxlLmNvbSIsInV1aWQiOiI0OTM0MzkxNC03ZWFlLTQ4NGMtYjMzMS0zZjMzNTlhN2NjM2MiLCJyb2xlIjoiQ1JFQVRPUiIsImxvZ2luQ2hhbm5lbCI6IkVNQUlMIiwiaWF0IjoxNzU0MjgzNzQ2LCJleHAiOjE3NTQyODQ5NDZ9.z9kJQR27LF5j_b_ktAEV1NJ3HkfcC4Gv4gbo82JuI2U
2025-08-04 10:42:23 [http-nio-8083-exec-9] INFO  c.p.s.config.JwtAuthenticationFilter - Valid JWT token: userId=hp@example.com, role=CREATOR
